<?xml version="1.0" encoding="UTF-8"?>
<!-- Generated by org.testng.reporters.JUnitReportReporter -->
<testsuite hostname="DESKTOP-48K146D" name="runner.TestRunner" tests="2" failures="0" timestamp="21 Jan 2019 03:45:48 GMT" time="77.337" errors="0">
  <testcase name="feature" time="45.278" classname="runner.TestRunner"/>
  <testcase name="feature" time="32.059" classname="runner.TestRunner"/>
</testsuite> <!-- runner.TestRunner -->
